Build started 9/9/2018 3:01:23 PM.
     1>Project "C:\Users\mike\source\repos\Lialis\Lialis\Lialis.vcxproj" on node 2 (Build target(s)).
     1>InitializeBuildStatus:
         Touching "Debug\Lialis.tlog\unsuccessfulbuild".
       ClCompile:
         All outputs are up-to-date.
         C:\Program Files (x86)\Microsoft Visual Studio\2017\Community\VC\Tools\MSVC\14.15.26726\bin\HostX86\x86\CL.exe /c /ZI /JMC /nologo /W3 /WX- /diagnostics:classic /sdl /Od /Oy- /D WIN32 /D _DEBUG /D _WINDOWS /D _UNICODE /D UNICODE /Gm- /EHsc /RTC1 /MDd /GS /fp:precise /permissive- /Zc:wchar_t /Zc:forScope /Zc:inline /Yu"stdafx.h" /Fp"Debug\Lialis.pch" /Fo"Debug\\" /Fd"Debug\vc141.pdb" /Gd /TP /analyze- /FC /errorReport:prompt BuildProc.cpp Lialis.cpp MainProc.cpp SettingsProc.cpp Theme.cpp
         BuildProc.cpp
     1>c:\users\mike\source\repos\lialis\lialis\theme.h(2): warning C4005: 'GWL_USERDATA': macro redefinition
         c:\program files (x86)\windows kits\10\include\10.0.17134.0\um\winuser.h(1886): note: see previous definition of 'GWL_USERDATA'
     1>c:\users\mike\source\repos\lialis\lialis\buildproc.cpp(4): error C2373: 'BuildProc': redefinition; different type modifiers
         c:\users\mike\source\repos\lialis\lialis\buildproc.h(7): note: see declaration of 'BuildProc'
         Lialis.cpp
     1>c:\users\mike\source\repos\lialis\lialis\theme.h(2): warning C4005: 'GWL_USERDATA': macro redefinition
         c:\program files (x86)\windows kits\10\include\10.0.17134.0\um\winuser.h(1886): note: see previous definition of 'GWL_USERDATA'
         MainProc.cpp
     1>c:\users\mike\source\repos\lialis\lialis\theme.h(2): warning C4005: 'GWL_USERDATA': macro redefinition
         c:\program files (x86)\windows kits\10\include\10.0.17134.0\um\winuser.h(1886): note: see previous definition of 'GWL_USERDATA'
         SettingsProc.cpp
     1>c:\users\mike\source\repos\lialis\lialis\theme.h(2): warning C4005: 'GWL_USERDATA': macro redefinition
         c:\program files (x86)\windows kits\10\include\10.0.17134.0\um\winuser.h(1886): note: see previous definition of 'GWL_USERDATA'
     1>c:\users\mike\source\repos\lialis\lialis\settingsproc.cpp(4): error C2373: 'SettingsProc': redefinition; different type modifiers
         c:\users\mike\source\repos\lialis\lialis\settingsproc.h(7): note: see declaration of 'SettingsProc'
         Theme.cpp
     1>c:\users\mike\source\repos\lialis\lialis\theme.h(2): warning C4005: 'GWL_USERDATA': macro redefinition
         c:\program files (x86)\windows kits\10\include\10.0.17134.0\um\winuser.h(1886): note: see previous definition of 'GWL_USERDATA'
     1>c:\users\mike\source\repos\lialis\lialis\theme.cpp(112): warning C4101: 'hp': unreferenced local variable
         Generating Code...
     1>Done Building Project "C:\Users\mike\source\repos\Lialis\Lialis\Lialis.vcxproj" (Build target(s)) -- FAILED.

Build FAILED.

       "C:\Users\mike\source\repos\Lialis\Lialis\Lialis.vcxproj" (Build target) (1) ->
       (ClCompile target) -> 
         c:\users\mike\source\repos\lialis\lialis\theme.h(2): warning C4005: 'GWL_USERDATA': macro redefinition
         c:\users\mike\source\repos\lialis\lialis\theme.h(2): warning C4005: 'GWL_USERDATA': macro redefinition
         c:\users\mike\source\repos\lialis\lialis\theme.h(2): warning C4005: 'GWL_USERDATA': macro redefinition
         c:\users\mike\source\repos\lialis\lialis\theme.h(2): warning C4005: 'GWL_USERDATA': macro redefinition
         c:\users\mike\source\repos\lialis\lialis\theme.h(2): warning C4005: 'GWL_USERDATA': macro redefinition
         c:\users\mike\source\repos\lialis\lialis\theme.cpp(112): warning C4101: 'hp': unreferenced local variable


       "C:\Users\mike\source\repos\Lialis\Lialis\Lialis.vcxproj" (Build target) (1) ->
       (ClCompile target) -> 
         c:\users\mike\source\repos\lialis\lialis\buildproc.cpp(4): error C2373: 'BuildProc': redefinition; different type modifiers
         c:\users\mike\source\repos\lialis\lialis\settingsproc.cpp(4): error C2373: 'SettingsProc': redefinition; different type modifiers

    6 Warning(s)
    2 Error(s)

Time Elapsed 00:00:05.76
